<?xml version="1.0" encoding="UTF-8"?>
<!-- Generated by org.testng.reporters.JUnitXMLReporter -->
<testsuite ignored="4" hostname="DESKTOP-4V3O4JG" failures="0" tests="2" name="Test-script3" time="23.18" errors="0" timestamp="2022-03-16T12:57:26 IST">
  <testcase classname="Sdet31.OrganizationWithIndustryTest" name="OrganizationWithIndustyTest" time="12.474"/>
  <testcase classname="Sdet31.CreateProductTest" name="CreateProductTest" time="13.654"/>
  <testcase classname="com.vtiger.Genericutility.BaseClass" name="@AfterTest afterTest" time="0.0">
    <ignored/>
  </testcase> <!-- @AfterTest afterTest -->
  <testcase classname="com.vtiger.Genericutility.BaseClass" name="@BeforeTest beforeTest" time="0.0">
    <ignored/>
  </testcase> <!-- @BeforeTest beforeTest -->
  <testcase classname="com.vtiger.Genericutility.BaseClass" name="@AfterSuite afterSuite" time="0.0">
    <ignored/>
  </testcase> <!-- @AfterSuite afterSuite -->
  <testcase classname="com.vtiger.Genericutility.BaseClass" name="@BeforeSuite beforeSuite" time="0.0">
    <ignored/>
  </testcase> <!-- @BeforeSuite beforeSuite -->
</testsuite> <!-- Test-script3 -->
