<?xml version="1.0" encoding="UTF-8"?>
<!-- Generated by org.testng.reporters.JUnitXMLReporter -->
<testsuite ignored="0" hostname="DESKTOP-4V3O4JG" failures="0" tests="1" name="Test-script1" time="25.065" errors="0" timestamp="2022-03-16T22:07:07 IST">
  <testcase classname="Sdet31.OrganizationWithIndustryTest" name="OrganizationWithIndustyTest" time="14.164"/>
</testsuite> <!-- Test-script1 -->
