<?xml version="1.0" encoding="UTF-8"?>
<!-- Generated by org.testng.reporters.JUnitXMLReporter -->
<testsuite ignored="0" hostname="DESKTOP-4V3O4JG" failures="0" tests="1" name="Test-script2" time="28.207" errors="0" timestamp="2022-03-16T22:07:10 IST">
  <testcase classname="Sdet31.CreateContactTest" name="CeateContactTest" time="17.333"/>
</testsuite> <!-- Test-script2 -->
