<?xml version="1.0" encoding="UTF-8"?>
<!-- Generated by org.testng.reporters.JUnitReportReporter -->
<testsuite hostname="DESKTOP-4V3O4JG" failures="0" tests="1" name="Sdet31.OrganizationWithIndustryTest" time="20.362" errors="0" timestamp="2022-03-16T22:07:10 IST" skipped="0">
  <testcase classname="Sdet31.OrganizationWithIndustryTest" name="OrganizationWithIndustyTest" time="20.362"/>
  <system-out/>
</testsuite> <!-- Sdet31.OrganizationWithIndustryTest -->
