<?xml version="1.0" encoding="UTF-8"?>
<!-- Generated by org.testng.reporters.JUnitReportReporter -->
<testsuite hostname="DESKTOP-4V3O4JG" failures="0" tests="1" name="Practice.DataDrivenTesting" time="0.009" errors="0" timestamp="2022-03-16T15:48:54 IST" skipped="0">
  <testcase classname="Practice.DataDrivenTesting" name="getvalues" time="0.009"/>
  <system-out/>
</testsuite> <!-- Practice.DataDrivenTesting -->
