<?xml version="1.0" encoding="UTF-8"?>
<!-- Generated by org.testng.reporters.JUnitReportReporter -->
<testsuite hostname="DESKTOP-4V3O4JG" failures="0" tests="1" name="Practice.CreateContactTest" time="17.009" errors="0" timestamp="2022-03-14T11:44:45 IST" skipped="0">
  <testcase classname="Practice.CreateContactTest" name="contactdata" time="17.009"/>
  <system-out/>
</testsuite> <!-- Practice.CreateContactTest -->
