<?xml version="1.0" encoding="UTF-8"?>
<!-- Generated by org.testng.reporters.JUnitReportReporter -->
<testsuite hostname="DESKTOP-4V3O4JG" failures="0" tests="1" name="Sdet31.CreateContactTest" time="20.224" errors="0" timestamp="2022-03-24T10:21:42 IST" skipped="0">
  <testcase classname="Sdet31.CreateContactTest" name="CeateContactTest" time="20.224"/>
  <system-out/>
</testsuite> <!-- Sdet31.CreateContactTest -->
