<?xml version="1.0" encoding="UTF-8"?>
<!-- Generated by org.testng.reporters.JUnitReportReporter -->
<testsuite hostname="DESKTOP-4V3O4JG" failures="0" tests="1" name="Sdet31.CeateContactTest" time="48.114" errors="0" timestamp="2022-03-15T22:09:27 IST" skipped="0">
  <testcase classname="Sdet31.CeateContactTest" name="CeateContactTest" time="48.114"/>
  <system-out/>
</testsuite> <!-- Sdet31.CeateContactTest -->
