<?xml version="1.0" encoding="UTF-8"?>
<!-- Generated by org.testng.reporters.JUnitReportReporter -->
<testsuite hostname="DESKTOP-4V3O4JG" failures="0" tests="1" name="Sdet31.CreateOrganizationTest" time="21.691" errors="0" timestamp="2022-03-17T10:31:33 IST" skipped="0">
  <testcase classname="Sdet31.CreateOrganizationTest" name="CreateOrganizationTest" time="21.691"/>
  <system-out/>
</testsuite> <!-- Sdet31.CreateOrganizationTest -->
