<?xml version="1.0" encoding="UTF-8"?>
<!-- Generated by org.testng.reporters.JUnitReportReporter -->
<testsuite hostname="DESKTOP-4V3O4JG" failures="0" tests="1" name="Practice.OrganizationWithIndustyTest" time="21.588" errors="0" timestamp="2022-03-14T18:02:19 IST" skipped="0">
  <testcase classname="Practice.OrganizationWithIndustyTest" name="OrganizationWithIndustyTest" time="21.588"/>
  <system-out/>
</testsuite> <!-- Practice.OrganizationWithIndustyTest -->
