<?xml version="1.0" encoding="UTF-8"?>
<!-- Generated by org.testng.reporters.JUnitReportReporter -->
<testsuite hostname="DESKTOP-4V3O4JG" failures="0" tests="5" name="Practice.CreateContactFromDataProviderTest" time="69.965" errors="0" timestamp="2022-03-14T14:31:06 IST" skipped="0">
  <testcase classname="Practice.CreateContactFromDataProviderTest" name="contactdata" time="13.088"/>
  <system-out/>
  <testcase classname="Practice.CreateContactFromDataProviderTest" name="contactdata" time="13.641"/>
  <system-out/>
  <testcase classname="Practice.CreateContactFromDataProviderTest" name="contactdata" time="13.087"/>
  <system-out/>
  <testcase classname="Practice.CreateContactFromDataProviderTest" name="contactdata" time="16.923"/>
  <system-out/>
  <testcase classname="Practice.CreateContactFromDataProviderTest" name="contactdata" time="13.226"/>
  <system-out/>
</testsuite> <!-- Practice.CreateContactFromDataProviderTest -->
