<?xml version="1.0" encoding="UTF-8"?>
<!-- Generated by org.testng.reporters.JUnitReportReporter -->
<testsuite hostname="DESKTOP-4V3O4JG" failures="0" tests="1" name="Sdet31.CreateProductTest" time="23.389" errors="0" timestamp="2022-03-17T10:11:02 IST" skipped="0">
  <testcase classname="Sdet31.CreateProductTest" name="CreateProductTest" time="23.389"/>
  <system-out/>
</testsuite> <!-- Sdet31.CreateProductTest -->
